Copyright 1986-2018 Xilinx, Inc. All Rights Reserved.
-----------------------------------------------------------------------------------------------------------------------------------------------
| Tool Version : Vivado v.2018.3 (win64) Build 2405991 Thu Dec  6 23:38:27 MST 2018
| Date         : Thu Mar 30 13:29:55 2023
| Host         : yzwpc running 64-bit major release  (build 9200)
| Command      : report_methodology -file alu_methodology_drc_routed.rpt -pb alu_methodology_drc_routed.pb -rpx alu_methodology_drc_routed.rpx
| Design       : alu
| Device       : xc7z020clg484-1
| Speed File   : -1
| Design State : Fully Routed
-----------------------------------------------------------------------------------------------------------------------------------------------

Report Methodology

Table of Contents
-----------------
1. REPORT SUMMARY
2. REPORT DETAILS

1. REPORT SUMMARY
-----------------
            Netlist: netlist
          Floorplan: design_1
      Design limits: <entire design considered>
             Max violations: <unlimited>
             Violations found: 54
+-----------+----------+-------------------------------+------------+
| Rule      | Severity | Description                   | Violations |
+-----------+----------+-------------------------------+------------+
| TIMING-18 | Warning  | Missing input or output delay | 54         |
+-----------+----------+-------------------------------+------------+

2. REPORT DETAILS
-----------------
TIMING-18#1 Warning
Missing input or output delay  
An input delay is missing on alu_a[0] relative to clock(s) clk_1
Related violations: <none>

TIMING-18#2 Warning
Missing input or output delay  
An input delay is missing on alu_a[10] relative to clock(s) clk_1
Related violations: <none>

TIMING-18#3 Warning
Missing input or output delay  
An input delay is missing on alu_a[11] relative to clock(s) clk_1
Related violations: <none>

TIMING-18#4 Warning
Missing input or output delay  
An input delay is missing on alu_a[12] relative to clock(s) clk_1
Related violations: <none>

TIMING-18#5 Warning
Missing input or output delay  
An input delay is missing on alu_a[13] relative to clock(s) clk_1
Related violations: <none>

TIMING-18#6 Warning
Missing input or output delay  
An input delay is missing on alu_a[14] relative to clock(s) clk_1
Related violations: <none>

TIMING-18#7 Warning
Missing input or output delay  
An input delay is missing on alu_a[15] relative to clock(s) clk_1
Related violations: <none>

TIMING-18#8 Warning
Missing input or output delay  
An input delay is missing on alu_a[1] relative to clock(s) clk_1
Related violations: <none>

TIMING-18#9 Warning
Missing input or output delay  
An input delay is missing on alu_a[2] relative to clock(s) clk_1
Related violations: <none>

TIMING-18#10 Warning
Missing input or output delay  
An input delay is missing on alu_a[3] relative to clock(s) clk_1
Related violations: <none>

TIMING-18#11 Warning
Missing input or output delay  
An input delay is missing on alu_a[4] relative to clock(s) clk_1
Related violations: <none>

TIMING-18#12 Warning
Missing input or output delay  
An input delay is missing on alu_a[5] relative to clock(s) clk_1
Related violations: <none>

TIMING-18#13 Warning
Missing input or output delay  
An input delay is missing on alu_a[6] relative to clock(s) clk_1
Related violations: <none>

TIMING-18#14 Warning
Missing input or output delay  
An input delay is missing on alu_a[7] relative to clock(s) clk_1
Related violations: <none>

TIMING-18#15 Warning
Missing input or output delay  
An input delay is missing on alu_a[8] relative to clock(s) clk_1
Related violations: <none>

TIMING-18#16 Warning
Missing input or output delay  
An input delay is missing on alu_a[9] relative to clock(s) clk_1
Related violations: <none>

TIMING-18#17 Warning
Missing input or output delay  
An input delay is missing on alu_b[0] relative to clock(s) clk_1
Related violations: <none>

TIMING-18#18 Warning
Missing input or output delay  
An input delay is missing on alu_b[10] relative to clock(s) clk_1
Related violations: <none>

TIMING-18#19 Warning
Missing input or output delay  
An input delay is missing on alu_b[11] relative to clock(s) clk_1
Related violations: <none>

TIMING-18#20 Warning
Missing input or output delay  
An input delay is missing on alu_b[12] relative to clock(s) clk_1
Related violations: <none>

TIMING-18#21 Warning
Missing input or output delay  
An input delay is missing on alu_b[13] relative to clock(s) clk_1
Related violations: <none>

TIMING-18#22 Warning
Missing input or output delay  
An input delay is missing on alu_b[14] relative to clock(s) clk_1
Related violations: <none>

TIMING-18#23 Warning
Missing input or output delay  
An input delay is missing on alu_b[15] relative to clock(s) clk_1
Related violations: <none>

TIMING-18#24 Warning
Missing input or output delay  
An input delay is missing on alu_b[1] relative to clock(s) clk_1
Related violations: <none>

TIMING-18#25 Warning
Missing input or output delay  
An input delay is missing on alu_b[2] relative to clock(s) clk_1
Related violations: <none>

TIMING-18#26 Warning
Missing input or output delay  
An input delay is missing on alu_b[3] relative to clock(s) clk_1
Related violations: <none>

TIMING-18#27 Warning
Missing input or output delay  
An input delay is missing on alu_b[4] relative to clock(s) clk_1
Related violations: <none>

TIMING-18#28 Warning
Missing input or output delay  
An input delay is missing on alu_b[5] relative to clock(s) clk_1
Related violations: <none>

TIMING-18#29 Warning
Missing input or output delay  
An input delay is missing on alu_b[6] relative to clock(s) clk_1
Related violations: <none>

TIMING-18#30 Warning
Missing input or output delay  
An input delay is missing on alu_b[7] relative to clock(s) clk_1
Related violations: <none>

TIMING-18#31 Warning
Missing input or output delay  
An input delay is missing on alu_b[8] relative to clock(s) clk_1
Related violations: <none>

TIMING-18#32 Warning
Missing input or output delay  
An input delay is missing on alu_b[9] relative to clock(s) clk_1
Related violations: <none>

TIMING-18#33 Warning
Missing input or output delay  
An input delay is missing on alu_func[0] relative to clock(s) clk_1
Related violations: <none>

TIMING-18#34 Warning
Missing input or output delay  
An input delay is missing on alu_func[1] relative to clock(s) clk_1
Related violations: <none>

TIMING-18#35 Warning
Missing input or output delay  
An input delay is missing on alu_func[2] relative to clock(s) clk_1
Related violations: <none>

TIMING-18#36 Warning
Missing input or output delay  
An input delay is missing on en_in relative to clock(s) clk_1
Related violations: <none>

TIMING-18#37 Warning
Missing input or output delay  
An input delay is missing on rst_n relative to clock(s) clk_1
Related violations: <none>

TIMING-18#38 Warning
Missing input or output delay  
An output delay is missing on alu_out[0] relative to clock(s) clk_1
Related violations: <none>

TIMING-18#39 Warning
Missing input or output delay  
An output delay is missing on alu_out[10] relative to clock(s) clk_1
Related violations: <none>

TIMING-18#40 Warning
Missing input or output delay  
An output delay is missing on alu_out[11] relative to clock(s) clk_1
Related violations: <none>

TIMING-18#41 Warning
Missing input or output delay  
An output delay is missing on alu_out[12] relative to clock(s) clk_1
Related violations: <none>

TIMING-18#42 Warning
Missing input or output delay  
An output delay is missing on alu_out[13] relative to clock(s) clk_1
Related violations: <none>

TIMING-18#43 Warning
Missing input or output delay  
An output delay is missing on alu_out[14] relative to clock(s) clk_1
Related violations: <none>

TIMING-18#44 Warning
Missing input or output delay  
An output delay is missing on alu_out[15] relative to clock(s) clk_1
Related violations: <none>

TIMING-18#45 Warning
Missing input or output delay  
An output delay is missing on alu_out[1] relative to clock(s) clk_1
Related violations: <none>

TIMING-18#46 Warning
Missing input or output delay  
An output delay is missing on alu_out[2] relative to clock(s) clk_1
Related violations: <none>

TIMING-18#47 Warning
Missing input or output delay  
An output delay is missing on alu_out[3] relative to clock(s) clk_1
Related violations: <none>

TIMING-18#48 Warning
Missing input or output delay  
An output delay is missing on alu_out[4] relative to clock(s) clk_1
Related violations: <none>

TIMING-18#49 Warning
Missing input or output delay  
An output delay is missing on alu_out[5] relative to clock(s) clk_1
Related violations: <none>

TIMING-18#50 Warning
Missing input or output delay  
An output delay is missing on alu_out[6] relative to clock(s) clk_1
Related violations: <none>

TIMING-18#51 Warning
Missing input or output delay  
An output delay is missing on alu_out[7] relative to clock(s) clk_1
Related violations: <none>

TIMING-18#52 Warning
Missing input or output delay  
An output delay is missing on alu_out[8] relative to clock(s) clk_1
Related violations: <none>

TIMING-18#53 Warning
Missing input or output delay  
An output delay is missing on alu_out[9] relative to clock(s) clk_1
Related violations: <none>

TIMING-18#54 Warning
Missing input or output delay  
An output delay is missing on en_out relative to clock(s) clk_1
Related violations: <none>


