Vivado Simulator 2018.3
Copyright 1986-1999, 2001-2018 Xilinx, Inc. All Rights Reserved.
Running: D:/xilinx/Vivado/2018.3/bin/unwrapped/win64.o/xelab.exe -wto bd5532d449fc42a5b9eff0b098f395f5 --incr --debug typical --relax --mt 2 -L xil_defaultlib -L unisims_ver -L secureip --snapshot tb_alu_func_synth xil_defaultlib.tb_alu xil_defaultlib.glbl -log elaborate.log 
Using 2 slave threads.
Starting static elaboration
Completed static elaboration
Starting simulation data flow analysis
Completed simulation data flow analysis
Time Resolution for simulation is 1ps
Compiling module unisims_ver.IBUF
Compiling module unisims_ver.LUT5
Compiling module unisims_ver.LUT6
Compiling module unisims_ver.x_lut3_mux8
Compiling module unisims_ver.LUT3
Compiling module unisims_ver.OBUF
Compiling module unisims_ver.FDCE_default
Compiling module unisims_ver.MUXF7
Compiling module unisims_ver.CARRY4
Compiling module unisims_ver.BUFG
Compiling module unisims_ver.x_lut1_mux2
Compiling module unisims_ver.LUT1
Compiling module xil_defaultlib.alu
Compiling module xil_defaultlib.tb_alu
Compiling module xil_defaultlib.glbl
Built simulation snapshot tb_alu_func_synth
